<?xml version="1.0" encoding="UTF-8"?>
<testsuite name="com.s14014.tau.domain.PierwiastekTest" time="0.014" tests="5" errors="5" skipped="0" failures="0">
  <properties>
    <property name="java.runtime.name" value="Java(TM) SE Runtime Environment"/>
    <property name="java.vm.version" value="9.0.4+11"/>
    <property name="sun.boot.library.path" value="/usr/lib/jvm/java-9-oracle/lib"/>
    <property name="maven.multiModuleProjectDirectory" value="/home/sinnlos/Pulpit/PierwiastkiChemiczne/pierchem-app"/>
    <property name="java.vm.vendor" value="Oracle Corporation"/>
    <property name="java.vendor.url" value="http://java.oracle.com/"/>
    <property name="guice.disable.misplaced.annotation.check" value="true"/>
    <property name="path.separator" value=":"/>
    <property name="java.vm.name" value="Java HotSpot(TM) 64-Bit Server VM"/>
    <property name="file.encoding.pkg" value="sun.io"/>
    <property name="sun.os.patch.level" value="unknown"/>
    <property name="user.country" value="US"/>
    <property name="sun.java.launcher" value="SUN_STANDARD"/>
    <property name="java.vm.specification.name" value="Java Virtual Machine Specification"/>
    <property name="user.dir" value="/home/sinnlos/Pulpit/PierwiastkiChemiczne/pierchem-app"/>
    <property name="java.vm.compressedOopsMode" value="Zero based"/>
    <property name="java.runtime.version" value="9.0.4+11"/>
    <property name="java.awt.graphicsenv" value="sun.awt.X11GraphicsEnvironment"/>
    <property name="os.arch" value="amd64"/>
    <property name="java.io.tmpdir" value="/tmp"/>
    <property name="line.separator" value="&#10;"/>
    <property name="java.vm.specification.vendor" value="Oracle Corporation"/>
    <property name="os.name" value="Linux"/>
    <property name="classworlds.conf" value="/usr/share/maven/bin/m2.conf"/>
    <property name="sun.jnu.encoding" value="UTF-8"/>
    <property name="java.library.path" value="/usr/java/packages/lib:/usr/lib64:/lib64:/lib:/usr/lib"/>
    <property name="jdk.debug" value="release"/>
    <property name="java.class.version" value="53.0"/>
    <property name="java.specification.name" value="Java Platform API Specification"/>
    <property name="sun.management.compiler" value="HotSpot 64-Bit Tiered Compilers"/>
    <property name="os.version" value="4.13.0-36-generic"/>
    <property name="user.home" value="/home/sinnlos"/>
    <property name="user.timezone" value="Europe/Warsaw"/>
    <property name="java.awt.printerjob" value="sun.print.PSPrinterJob"/>
    <property name="file.encoding" value="UTF-8"/>
    <property name="java.specification.version" value="9"/>
    <property name="user.name" value="sinnlos"/>
    <property name="java.class.path" value="/usr/share/maven/boot/plexus-classworlds-2.x.jar"/>
    <property name="java.vm.specification.version" value="9"/>
    <property name="sun.arch.data.model" value="64"/>
    <property name="sun.java.command" value="org.codehaus.plexus.classworlds.launcher.Launcher test"/>
    <property name="java.home" value="/usr/lib/jvm/java-9-oracle"/>
    <property name="user.language" value="en"/>
    <property name="java.specification.vendor" value="Oracle Corporation"/>
    <property name="awt.toolkit" value="sun.awt.X11.XToolkit"/>
    <property name="java.vm.info" value="mixed mode"/>
    <property name="java.version" value="9.0.4"/>
    <property name="securerandom.source" value="file:/dev/./urandom"/>
    <property name="java.vendor" value="Oracle Corporation"/>
    <property name="maven.home" value="/usr/share/maven"/>
    <property name="file.separator" value="/"/>
    <property name="java.vendor.url.bug" value="http://bugreport.java.com/bugreport/"/>
    <property name="sun.io.unicode.encoding" value="UnicodeLittle"/>
    <property name="sun.cpu.endian" value="little"/>
    <property name="sun.desktop" value="gnome"/>
    <property name="sun.cpu.isalist" value=""/>
  </properties>
  <testcase name="addTest" classname="com.s14014.tau.domain.PierwiastekTest" time="0.009">
    <error type="java.lang.NullPointerException:">java.lang.NullPointerException: null
	at com.s14014.tau.domain.PierwiastekTest.initRepository(PierwiastekTest.java:94)
</error>
  </testcase>
  <testcase name="findTest" classname="com.s14014.tau.domain.PierwiastekTest" time="0.001">
    <error type="java.lang.NullPointerException:">java.lang.NullPointerException: null
	at com.s14014.tau.domain.PierwiastekTest.initRepository(PierwiastekTest.java:94)
</error>
  </testcase>
  <testcase name="updateTest" classname="com.s14014.tau.domain.PierwiastekTest" time="0">
    <error type="java.lang.NullPointerException:">java.lang.NullPointerException: null
	at com.s14014.tau.domain.PierwiastekTest.initRepository(PierwiastekTest.java:94)
</error>
  </testcase>
  <testcase name="getAllTest" classname="com.s14014.tau.domain.PierwiastekTest" time="0">
    <error type="java.lang.NullPointerException:">java.lang.NullPointerException: null
	at com.s14014.tau.domain.PierwiastekTest.initRepository(PierwiastekTest.java:94)
</error>
  </testcase>
  <testcase name="deleteTest" classname="com.s14014.tau.domain.PierwiastekTest" time="0.004">
    <error type="java.lang.NullPointerException:">java.lang.NullPointerException: null
	at com.s14014.tau.domain.PierwiastekTest.initRepository(PierwiastekTest.java:94)
</error>
  </testcase>
</testsuite>